2017-01-29 12:26:48 [::1][-][nvs568gqsemofs231fnvhptf55][error][ReflectionException] exception 'ReflectionException' with message 'Class apaowww\oci8\Oci8DbConnection does not exist' in C:\xampp\htdocs\advanced\vendor\yiisoft\yii2\di\Container.php:422
Stack trace:
#0 C:\xampp\htdocs\advanced\vendor\yiisoft\yii2\di\Container.php(422): ReflectionClass->__construct('apaowww\\oci8\\Oc...')
#1 C:\xampp\htdocs\advanced\vendor\yiisoft\yii2\di\Container.php(362): yii\di\Container->getDependencies('apaowww\\oci8\\Oc...')
#2 C:\xampp\htdocs\advanced\vendor\yiisoft\yii2\di\Container.php(154): yii\di\Container->build('apaowww\\oci8\\Oc...', Array, Array)
#3 C:\xampp\htdocs\advanced\vendor\yiisoft\yii2\BaseYii.php(344): yii\di\Container->get('apaowww\\oci8\\Oc...', Array, Array)
#4 C:\xampp\htdocs\advanced\vendor\yiisoft\yii2\di\ServiceLocator.php(133): yii\BaseYii::createObject(Array)
#5 C:\xampp\htdocs\advanced\vendor\yiisoft\yii2\base\Application.php(491): yii\di\ServiceLocator->get('db')
#6 C:\xampp\htdocs\advanced\vendor\yiisoft\yii2\db\ActiveRecord.php(133): yii\base\Application->getDb()
#7 C:\xampp\htdocs\advanced\vendor\yiisoft\yii2\db\ActiveQuery.php(315): yii\db\ActiveRecord::getDb()
#8 C:\xampp\htdocs\advanced\vendor\yiisoft\yii2\db\Query.php(366): yii\db\ActiveQuery->createCommand(NULL)
#9 C:\xampp\htdocs\advanced\vendor\yiisoft\yii2\validators\UniqueValidator.php(144): yii\db\Query->exists()
#10 C:\xampp\htdocs\advanced\vendor\yiisoft\yii2\validators\Validator.php(265): yii\validators\UniqueValidator->validateAttribute(Object(frontend\models\SignupForm), 'username')
#11 C:\xampp\htdocs\advanced\vendor\yiisoft\yii2\base\Model.php(356): yii\validators\Validator->validateAttributes(Object(frontend\models\SignupForm), Array)
#12 C:\xampp\htdocs\advanced\frontend\models\SignupForm.php(46): yii\base\Model->validate()
#13 C:\xampp\htdocs\advanced\frontend\controllers\SiteController.php(153): frontend\models\SignupForm->signup()
#14 [internal function]: frontend\controllers\SiteController->actionSignup()
#15 C:\xampp\htdocs\advanced\vendor\yiisoft\yii2\base\InlineAction.php(55): call_user_func_array(Array, Array)
#16 C:\xampp\htdocs\advanced\vendor\yiisoft\yii2\base\Controller.php(154): yii\base\InlineAction->runWithParams(Array)
#17 C:\xampp\htdocs\advanced\vendor\yiisoft\yii2\base\Module.php(454): yii\base\Controller->runAction('signup', Array)
#18 C:\xampp\htdocs\advanced\vendor\yiisoft\yii2\web\Application.php(100): yii\base\Module->runAction('site/signup', Array)
#19 C:\xampp\htdocs\advanced\vendor\yiisoft\yii2\base\Application.php(375): yii\web\Application->handleRequest(Object(yii\web\Request))
#20 C:\xampp\htdocs\advanced\frontend\web\index.php(17): yii\base\Application->run()
#21 {main}
2017-01-29 12:26:48 [::1][-][nvs568gqsemofs231fnvhptf55][info][application] $_GET = [
    'r' => 'site/signup'
]

$_POST = [
    '_csrf-frontend' => 'Qm93LXpEbE0vJxwATRBcNCgdOGsXD1p9MgAfaw4FAi4aVxtjIncoIQ=='
    'SignupForm' => [
        'username' => '123'
        'email' => 'asd@yshoo.com'
        'password' => 'qwerty'
    ]
    'signup-button' => ''
]

$_COOKIE = [
    'advanced-frontend' => 'nvs568gqsemofs231fnvhptf55'
    '_csrf-frontend' => 'f3130368183e8404d040b85fd88ff226ca6ab3623a7ef59cd5cf12d6326616a8a:2:{i:0;s:14:\"_csrf-frontend\";i:1;s:32:\"mHk-7T0yjrOFmK60pohFtAncX8lNX3Dl\";}'
]

$_SESSION = [
    '__flash' => []
]

$_SERVER = [
    'MIBDIRS' => 'C:/xampp/php/extras/mibs'
    'MYSQL_HOME' => '\\xampp\\mysql\\bin'
    'OPENSSL_CONF' => 'C:/xampp/apache/bin/openssl.cnf'
    'PHP_PEAR_SYSCONF_DIR' => '\\xampp\\php'
    'PHPRC' => '\\xampp\\php'
    'TMP' => '\\xampp\\tmp'
    'HTTP_HOST' => 'localhost:85'
    'HTTP_CONNECTION' => 'keep-alive'
    'CONTENT_LENGTH' => '204'
    'HTTP_CACHE_CONTROL' => 'max-age=0'
    'HTTP_ORIGIN' => 'http://localhost:85'
    'HTTP_UPGRADE_INSECURE_REQUESTS' => '1'
    'HTTP_USER_AGENT' => 'Mozilla/5.0 (Windows NT 10.0; Win64; x64) AppleWebKit/537.36 (KHTML, like Gecko) Chrome/55.0.2883.87 Safari/537.36'
    'CONTENT_TYPE' => 'application/x-www-form-urlencoded'
    'HTTP_ACCEPT' => 'text/html,application/xhtml+xml,application/xml;q=0.9,image/webp,*/*;q=0.8'
    'HTTP_REFERER' => 'http://localhost:85/advanced/frontend/web/index.php?r=site%2Fsignup'
    'HTTP_ACCEPT_ENCODING' => 'gzip, deflate, br'
    'HTTP_ACCEPT_LANGUAGE' => 'en-US,en;q=0.8'
    'HTTP_COOKIE' => 'advanced-frontend=nvs568gqsemofs231fnvhptf55; _csrf-frontend=f3130368183e8404d040b85fd88ff226ca6ab3623a7ef59cd5cf12d6326616a8a%3A2%3A%7Bi%3A0%3Bs%3A14%3A%22_csrf-frontend%22%3Bi%3A1%3Bs%3A32%3A%22mHk-7T0yjrOFmK60pohFtAncX8lNX3Dl%22%3B%7D'
    'PATH' => 'C:\\oraclexe\\app\\oracle\\product\\11.2.0\\server\\bin;;C:\\ProgramData\\Oracle\\Java\\javapath;C:\\Program Files\\Microsoft MPI\\Bin\\;C:\\Program Files (x86)\\Lenovo\\FusionEngine;C:\\Windows\\system32;C:\\Windows;C:\\Windows\\System32\\Wbem;C:\\Windows\\System32\\WindowsPowerShell\\v1.0\\;C:\\Program Files (x86)\\NVIDIA Corporation\\PhysX\\Common;C:\\Program Files\\Intel\\WiFi\\bin\\;C:\\Program Files\\Common Files\\Intel\\WirelessCommon\\;C:\\WINDOWS\\system32;C:\\WINDOWS;C:\\WINDOWS\\System32\\Wbem;C:\\WINDOWS\\System32\\WindowsPowerShell\\v1.0\\;C:\\Program Files\\Microsoft SQL Server\\110\\Tools\\Binn\\;c:\\Program Files (x86)\\Microsoft SQL Server\\110\\Tools\\Binn\\;c:\\Program Files\\Microsoft SQL Server\\110\\DTS\\Binn\\;C:\\Program Files\\Microsoft SQL Server\\130\\Tools\\Binn\\;C:\\Program Files (x86)\\Microsoft SQL Server\\110\\DTS\\Binn\\;C:\\Program Files (x86)\\Microsoft SQL Server\\120\\DTS\\Binn\\;C:\\Program Files (x86)\\Microsoft SQL Server\\130\\DTS\\Binn\\;C:\\Program Files (x86)\\Microsoft SQL Server\\Client SDK\\ODBC\\130\\Tools\\Binn\\;C:\\Program Files (x86)\\Microsoft SQL Server\\140\\Tools\\Binn\\;C:\\Program Files (x86)\\Microsoft SQL Server\\140\\DTS\\Binn\\;C:\\Program Files (x86)\\Microsoft SQL Server\\140\\Tools\\Binn\\ManagementStudio\\;C:\\Program Files (x86)\\Microsoft SQL Server\\130\\Tools\\Binn\\;C:\\Program Files\\Microsoft SQL Server\\130\\DTS\\Binn\\;C:\\Program Files\\Microsoft SQL Server\\Client SDK\\ODBC\\130\\Tools\\Binn\\;C:\\xampp\\php;C:\\ProgramData\\ComposerSetup\\bin;C:\\Program Files (x86)\\Windows Kits\\8.1\\Windows Performance Toolkit\\;C:\\Program Files\\Microsoft\\Web Platform Installer\\;C:\\Users\\admin\\AppData\\Local\\Microsoft\\WindowsApps;C:\\Users\\admin\\AppData\\Local\\atom\\bin;C:\\Users\\admin\\AppData\\Roaming\\Composer\\vendor\\bin'
    'SystemRoot' => 'C:\\WINDOWS'
    'COMSPEC' => 'C:\\WINDOWS\\system32\\cmd.exe'
    'PATHEXT' => '.COM;.EXE;.BAT;.CMD;.VBS;.VBE;.JS;.JSE;.WSF;.WSH;.MSC'
    'WINDIR' => 'C:\\WINDOWS'
    'SERVER_SIGNATURE' => '<address>Apache/2.4.23 (Win32) OpenSSL/1.0.2h PHP/5.6.28 Server at localhost Port 85</address>
'
    'SERVER_SOFTWARE' => 'Apache/2.4.23 (Win32) OpenSSL/1.0.2h PHP/5.6.28'
    'SERVER_NAME' => 'localhost'
    'SERVER_ADDR' => '::1'
    'SERVER_PORT' => '85'
    'REMOTE_ADDR' => '::1'
    'DOCUMENT_ROOT' => 'C:/xampp/htdocs'
    'REQUEST_SCHEME' => 'http'
    'CONTEXT_PREFIX' => ''
    'CONTEXT_DOCUMENT_ROOT' => 'C:/xampp/htdocs'
    'SERVER_ADMIN' => 'postmaster@localhost'
    'SCRIPT_FILENAME' => 'C:/xampp/htdocs/advanced/frontend/web/index.php'
    'REMOTE_PORT' => '52773'
    'GATEWAY_INTERFACE' => 'CGI/1.1'
    'SERVER_PROTOCOL' => 'HTTP/1.1'
    'REQUEST_METHOD' => 'POST'
    'QUERY_STRING' => 'r=site%2Fsignup'
    'REQUEST_URI' => '/advanced/frontend/web/index.php?r=site%2Fsignup'
    'SCRIPT_NAME' => '/advanced/frontend/web/index.php'
    'PHP_SELF' => '/advanced/frontend/web/index.php'
    'REQUEST_TIME_FLOAT' => 1485689208.458
    'REQUEST_TIME' => 1485689208
]
2017-01-29 12:29:52 [::1][-][nvs568gqsemofs231fnvhptf55][error][ReflectionException] exception 'ReflectionException' with message 'Class apaowww\oci8\Oci8DbConnection does not exist' in C:\xampp\htdocs\advanced\vendor\yiisoft\yii2\di\Container.php:422
Stack trace:
#0 C:\xampp\htdocs\advanced\vendor\yiisoft\yii2\di\Container.php(422): ReflectionClass->__construct('apaowww\\oci8\\Oc...')
#1 C:\xampp\htdocs\advanced\vendor\yiisoft\yii2\di\Container.php(362): yii\di\Container->getDependencies('apaowww\\oci8\\Oc...')
#2 C:\xampp\htdocs\advanced\vendor\yiisoft\yii2\di\Container.php(154): yii\di\Container->build('apaowww\\oci8\\Oc...', Array, Array)
#3 C:\xampp\htdocs\advanced\vendor\yiisoft\yii2\BaseYii.php(344): yii\di\Container->get('apaowww\\oci8\\Oc...', Array, Array)
#4 C:\xampp\htdocs\advanced\vendor\yiisoft\yii2\di\ServiceLocator.php(133): yii\BaseYii::createObject(Array)
#5 C:\xampp\htdocs\advanced\vendor\yiisoft\yii2\base\Application.php(491): yii\di\ServiceLocator->get('db')
#6 C:\xampp\htdocs\advanced\vendor\yiisoft\yii2\db\ActiveRecord.php(133): yii\base\Application->getDb()
#7 C:\xampp\htdocs\advanced\vendor\yiisoft\yii2\db\ActiveQuery.php(315): yii\db\ActiveRecord::getDb()
#8 C:\xampp\htdocs\advanced\vendor\yiisoft\yii2\db\Query.php(366): yii\db\ActiveQuery->createCommand(NULL)
#9 C:\xampp\htdocs\advanced\vendor\yiisoft\yii2\validators\UniqueValidator.php(144): yii\db\Query->exists()
#10 C:\xampp\htdocs\advanced\vendor\yiisoft\yii2\validators\Validator.php(265): yii\validators\UniqueValidator->validateAttribute(Object(frontend\models\SignupForm), 'username')
#11 C:\xampp\htdocs\advanced\vendor\yiisoft\yii2\base\Model.php(356): yii\validators\Validator->validateAttributes(Object(frontend\models\SignupForm), Array)
#12 C:\xampp\htdocs\advanced\frontend\models\SignupForm.php(46): yii\base\Model->validate()
#13 C:\xampp\htdocs\advanced\frontend\controllers\SiteController.php(153): frontend\models\SignupForm->signup()
#14 [internal function]: frontend\controllers\SiteController->actionSignup()
#15 C:\xampp\htdocs\advanced\vendor\yiisoft\yii2\base\InlineAction.php(55): call_user_func_array(Array, Array)
#16 C:\xampp\htdocs\advanced\vendor\yiisoft\yii2\base\Controller.php(154): yii\base\InlineAction->runWithParams(Array)
#17 C:\xampp\htdocs\advanced\vendor\yiisoft\yii2\base\Module.php(454): yii\base\Controller->runAction('signup', Array)
#18 C:\xampp\htdocs\advanced\vendor\yiisoft\yii2\web\Application.php(100): yii\base\Module->runAction('site/signup', Array)
#19 C:\xampp\htdocs\advanced\vendor\yiisoft\yii2\base\Application.php(375): yii\web\Application->handleRequest(Object(yii\web\Request))
#20 C:\xampp\htdocs\advanced\frontend\web\index.php(17): yii\base\Application->run()
#21 {main}
2017-01-29 12:29:51 [::1][-][nvs568gqsemofs231fnvhptf55][info][application] $_GET = [
    'r' => 'site/signup'
]

$_POST = [
    '_csrf-frontend' => 'MGJBWjZfRExdKip3AQt0NVoQDhxbFHJ8QA0pHEIeKi9oWi0UbmwAIA=='
    'SignupForm' => [
        'username' => 'inikhsan'
        'email' => 'kkk@mmm.com'
        'password' => '555555'
    ]
    'signup-button' => ''
]

$_COOKIE = [
    'advanced-frontend' => 'nvs568gqsemofs231fnvhptf55'
    '_csrf-frontend' => 'f3130368183e8404d040b85fd88ff226ca6ab3623a7ef59cd5cf12d6326616a8a:2:{i:0;s:14:\"_csrf-frontend\";i:1;s:32:\"mHk-7T0yjrOFmK60pohFtAncX8lNX3Dl\";}'
]

$_SESSION = [
    '__flash' => []
]

$_SERVER = [
    'MIBDIRS' => 'C:/xampp/php/extras/mibs'
    'MYSQL_HOME' => '\\xampp\\mysql\\bin'
    'OPENSSL_CONF' => 'C:/xampp/apache/bin/openssl.cnf'
    'PHP_PEAR_SYSCONF_DIR' => '\\xampp\\php'
    'PHPRC' => '\\xampp\\php'
    'TMP' => '\\xampp\\tmp'
    'HTTP_HOST' => 'localhost:85'
    'HTTP_CONNECTION' => 'keep-alive'
    'CONTENT_LENGTH' => '207'
    'HTTP_CACHE_CONTROL' => 'max-age=0'
    'HTTP_ORIGIN' => 'http://localhost:85'
    'HTTP_UPGRADE_INSECURE_REQUESTS' => '1'
    'HTTP_USER_AGENT' => 'Mozilla/5.0 (Windows NT 10.0; Win64; x64) AppleWebKit/537.36 (KHTML, like Gecko) Chrome/55.0.2883.87 Safari/537.36'
    'CONTENT_TYPE' => 'application/x-www-form-urlencoded'
    'HTTP_ACCEPT' => 'text/html,application/xhtml+xml,application/xml;q=0.9,image/webp,*/*;q=0.8'
    'HTTP_REFERER' => 'http://localhost:85/advanced/frontend/web/index.php?r=site%2Fsignup'
    'HTTP_ACCEPT_ENCODING' => 'gzip, deflate, br'
    'HTTP_ACCEPT_LANGUAGE' => 'en-US,en;q=0.8'
    'HTTP_COOKIE' => 'advanced-frontend=nvs568gqsemofs231fnvhptf55; _csrf-frontend=f3130368183e8404d040b85fd88ff226ca6ab3623a7ef59cd5cf12d6326616a8a%3A2%3A%7Bi%3A0%3Bs%3A14%3A%22_csrf-frontend%22%3Bi%3A1%3Bs%3A32%3A%22mHk-7T0yjrOFmK60pohFtAncX8lNX3Dl%22%3B%7D'
    'PATH' => 'C:\\oraclexe\\app\\oracle\\product\\11.2.0\\server\\bin;;C:\\ProgramData\\Oracle\\Java\\javapath;C:\\Program Files\\Microsoft MPI\\Bin\\;C:\\Program Files (x86)\\Lenovo\\FusionEngine;C:\\Windows\\system32;C:\\Windows;C:\\Windows\\System32\\Wbem;C:\\Windows\\System32\\WindowsPowerShell\\v1.0\\;C:\\Program Files (x86)\\NVIDIA Corporation\\PhysX\\Common;C:\\Program Files\\Intel\\WiFi\\bin\\;C:\\Program Files\\Common Files\\Intel\\WirelessCommon\\;C:\\WINDOWS\\system32;C:\\WINDOWS;C:\\WINDOWS\\System32\\Wbem;C:\\WINDOWS\\System32\\WindowsPowerShell\\v1.0\\;C:\\Program Files\\Microsoft SQL Server\\110\\Tools\\Binn\\;c:\\Program Files (x86)\\Microsoft SQL Server\\110\\Tools\\Binn\\;c:\\Program Files\\Microsoft SQL Server\\110\\DTS\\Binn\\;C:\\Program Files\\Microsoft SQL Server\\130\\Tools\\Binn\\;C:\\Program Files (x86)\\Microsoft SQL Server\\110\\DTS\\Binn\\;C:\\Program Files (x86)\\Microsoft SQL Server\\120\\DTS\\Binn\\;C:\\Program Files (x86)\\Microsoft SQL Server\\130\\DTS\\Binn\\;C:\\Program Files (x86)\\Microsoft SQL Server\\Client SDK\\ODBC\\130\\Tools\\Binn\\;C:\\Program Files (x86)\\Microsoft SQL Server\\140\\Tools\\Binn\\;C:\\Program Files (x86)\\Microsoft SQL Server\\140\\DTS\\Binn\\;C:\\Program Files (x86)\\Microsoft SQL Server\\140\\Tools\\Binn\\ManagementStudio\\;C:\\Program Files (x86)\\Microsoft SQL Server\\130\\Tools\\Binn\\;C:\\Program Files\\Microsoft SQL Server\\130\\DTS\\Binn\\;C:\\Program Files\\Microsoft SQL Server\\Client SDK\\ODBC\\130\\Tools\\Binn\\;C:\\xampp\\php;C:\\ProgramData\\ComposerSetup\\bin;C:\\Program Files (x86)\\Windows Kits\\8.1\\Windows Performance Toolkit\\;C:\\Program Files\\Microsoft\\Web Platform Installer\\;C:\\Users\\admin\\AppData\\Local\\Microsoft\\WindowsApps;C:\\Users\\admin\\AppData\\Local\\atom\\bin;C:\\Users\\admin\\AppData\\Roaming\\Composer\\vendor\\bin'
    'SystemRoot' => 'C:\\WINDOWS'
    'COMSPEC' => 'C:\\WINDOWS\\system32\\cmd.exe'
    'PATHEXT' => '.COM;.EXE;.BAT;.CMD;.VBS;.VBE;.JS;.JSE;.WSF;.WSH;.MSC'
    'WINDIR' => 'C:\\WINDOWS'
    'SERVER_SIGNATURE' => '<address>Apache/2.4.23 (Win32) OpenSSL/1.0.2h PHP/5.6.28 Server at localhost Port 85</address>
'
    'SERVER_SOFTWARE' => 'Apache/2.4.23 (Win32) OpenSSL/1.0.2h PHP/5.6.28'
    'SERVER_NAME' => 'localhost'
    'SERVER_ADDR' => '::1'
    'SERVER_PORT' => '85'
    'REMOTE_ADDR' => '::1'
    'DOCUMENT_ROOT' => 'C:/xampp/htdocs'
    'REQUEST_SCHEME' => 'http'
    'CONTEXT_PREFIX' => ''
    'CONTEXT_DOCUMENT_ROOT' => 'C:/xampp/htdocs'
    'SERVER_ADMIN' => 'postmaster@localhost'
    'SCRIPT_FILENAME' => 'C:/xampp/htdocs/advanced/frontend/web/index.php'
    'REMOTE_PORT' => '52785'
    'GATEWAY_INTERFACE' => 'CGI/1.1'
    'SERVER_PROTOCOL' => 'HTTP/1.1'
    'REQUEST_METHOD' => 'POST'
    'QUERY_STRING' => 'r=site%2Fsignup'
    'REQUEST_URI' => '/advanced/frontend/web/index.php?r=site%2Fsignup'
    'SCRIPT_NAME' => '/advanced/frontend/web/index.php'
    'PHP_SELF' => '/advanced/frontend/web/index.php'
    'REQUEST_TIME_FLOAT' => 1485689391.907
    'REQUEST_TIME' => 1485689391
]
